{"C:\\Users\\Dell\\Documents\\shopping-cart-app\\src\\features\\cart\\cartSlice.ts": {"path":"C:\\Users\\Dell\\Documents\\shopping-cart-app\\src\\features\\cart\\cartSlice.ts","statementMap":{"0":{"start":{"line":9,"column":32},"end":{"line":10,"column":null}},"1":{"start":{"line":13,"column":6},"end":{"line":46,"column":2}},"2":{"start":{"line":18,"column":23},"end":{"line":19,"column":null}},"3":{"start":{"line":19,"column":15},"end":{"line":19,"column":null}},"4":{"start":{"line":22,"column":6},"end":{"line":25,"column":null}},"5":{"start":{"line":23,"column":8},"end":{"line":23,"column":null}},"6":{"start":{"line":25,"column":8},"end":{"line":25,"column":null}},"7":{"start":{"line":30,"column":19},"end":{"line":30,"column":65}},"8":{"start":{"line":30,"column":41},"end":{"line":30,"column":65}},"9":{"start":{"line":31,"column":6},"end":{"line":31,"column":null}},"10":{"start":{"line":31,"column":16},"end":{"line":31,"column":null}},"11":{"start":{"line":35,"column":19},"end":{"line":35,"column":65}},"12":{"start":{"line":35,"column":41},"end":{"line":35,"column":65}},"13":{"start":{"line":36,"column":6},"end":{"line":36,"column":null}},"14":{"start":{"line":36,"column":37},"end":{"line":36,"column":null}},"15":{"start":{"line":41,"column":6},"end":{"line":43,"column":null}},"16":{"start":{"line":42,"column":18},"end":{"line":42,"column":null}},"17":{"start":{"line":49,"column":2},"end":{"line":49,"column":null}}},"fnMap":{"0":{"name":"(anonymous_0)","decl":{"start":{"line":17,"column":4},"end":{"line":17,"column":14}},"loc":{"start":{"line":17,"column":57},"end":{"line":25,"column":null}},"line":17},"1":{"name":"(anonymous_1)","decl":{"start":{"line":18,"column":35},"end":{"line":18,"column":null}},"loc":{"start":{"line":19,"column":15},"end":{"line":19,"column":null}},"line":19},"2":{"name":"(anonymous_2)","decl":{"start":{"line":29,"column":4},"end":{"line":29,"column":18}},"loc":{"start":{"line":29,"column":59},"end":{"line":31,"column":null}},"line":29},"3":{"name":"(anonymous_3)","decl":{"start":{"line":30,"column":31},"end":{"line":30,"column":36}},"loc":{"start":{"line":30,"column":41},"end":{"line":30,"column":65}},"line":30},"4":{"name":"(anonymous_4)","decl":{"start":{"line":34,"column":4},"end":{"line":34,"column":18}},"loc":{"start":{"line":34,"column":59},"end":{"line":36,"column":null}},"line":34},"5":{"name":"(anonymous_5)","decl":{"start":{"line":35,"column":31},"end":{"line":35,"column":36}},"loc":{"start":{"line":35,"column":41},"end":{"line":35,"column":65}},"line":35},"6":{"name":"(anonymous_6)","decl":{"start":{"line":40,"column":4},"end":{"line":40,"column":17}},"loc":{"start":{"line":40,"column":58},"end":{"line":43,"column":null}},"line":40},"7":{"name":"(anonymous_7)","decl":{"start":{"line":41,"column":32},"end":{"line":41,"column":null}},"loc":{"start":{"line":42,"column":18},"end":{"line":42,"column":null}},"line":42}},"branchMap":{"0":{"loc":{"start":{"line":22,"column":6},"end":{"line":25,"column":null}},"type":"if","locations":[{"start":{"line":22,"column":6},"end":{"line":25,"column":null}},{"start":{"line":24,"column":13},"end":{"line":25,"column":null}}],"line":22},"1":{"loc":{"start":{"line":31,"column":6},"end":{"line":31,"column":null}},"type":"if","locations":[{"start":{"line":31,"column":6},"end":{"line":31,"column":null}},{"start":{},"end":{}}],"line":31},"2":{"loc":{"start":{"line":36,"column":6},"end":{"line":36,"column":null}},"type":"if","locations":[{"start":{"line":36,"column":6},"end":{"line":36,"column":null}},{"start":{},"end":{}}],"line":36},"3":{"loc":{"start":{"line":36,"column":10},"end":{"line":36,"column":37}},"type":"binary-expr","locations":[{"start":{"line":36,"column":10},"end":{"line":36,"column":18}},{"start":{"line":36,"column":18},"end":{"line":36,"column":37}}],"line":36}},"s":{"0":1,"1":1,"2":1,"3":0,"4":1,"5":0,"6":1,"7":1,"8":1,"9":1,"10":1,"11":1,"12":1,"13":1,"14":1,"15":1,"16":1,"17":1},"f":{"0":1,"1":0,"2":1,"3":1,"4":1,"5":1,"6":1,"7":1},"b":{"0":[0,1],"1":[1,0],"2":[1,0],"3":[1,1]},"meta":{"lastBranch":4,"lastFunction":8,"lastStatement":18,"seen":{"s:9:32:10:Infinity":0,"s:13:6:46:2":1,"f:17:4:17:14":0,"s:18:23:19:Infinity":2,"f:18:35:18:Infinity":1,"s:19:15:19:Infinity":3,"b:22:6:25:Infinity:24:13:25:Infinity":0,"s:22:6:25:Infinity":4,"s:23:8:23:Infinity":5,"s:25:8:25:Infinity":6,"f:29:4:29:18":2,"s:30:19:30:65":7,"f:30:31:30:36":3,"s:30:41:30:65":8,"b:31:6:31:Infinity:undefined:undefined:undefined:undefined":1,"s:31:6:31:Infinity":9,"s:31:16:31:Infinity":10,"f:34:4:34:18":4,"s:35:19:35:65":11,"f:35:31:35:36":5,"s:35:41:35:65":12,"b:36:6:36:Infinity:undefined:undefined:undefined:undefined":2,"s:36:6:36:Infinity":13,"b:36:10:36:18:36:18:36:37":3,"s:36:37:36:Infinity":14,"f:40:4:40:17":6,"s:41:6:43:Infinity":15,"f:41:32:41:Infinity":7,"s:42:18:42:Infinity":16,"s:49:2:49:Infinity":17}}}
,"C:\\Users\\Dell\\Documents\\shopping-cart-app\\src\\features\\cart\\cartUtils.ts": {"path":"C:\\Users\\Dell\\Documents\\shopping-cart-app\\src\\features\\cart\\cartUtils.ts","statementMap":{"0":{"start":{"line":3,"column":13},"end":{"line":57,"column":null}},"1":{"start":{"line":4,"column":17},"end":{"line":4,"column":null}},"2":{"start":{"line":5,"column":21},"end":{"line":5,"column":null}},"3":{"start":{"line":7,"column":51},"end":{"line":7,"column":53}},"4":{"start":{"line":8,"column":27},"end":{"line":8,"column":29}},"5":{"start":{"line":10,"column":19},"end":{"line":10,"column":53}},"6":{"start":{"line":10,"column":37},"end":{"line":10,"column":53}},"7":{"start":{"line":12,"column":2},"end":{"line":49,"column":null}},"8":{"start":{"line":13,"column":4},"end":{"line":13,"column":null}},"9":{"start":{"line":16,"column":4},"end":{"line":23,"column":null}},"10":{"start":{"line":17,"column":22},"end":{"line":17,"column":51}},"11":{"start":{"line":18,"column":21},"end":{"line":18,"column":null}},"12":{"start":{"line":20,"column":6},"end":{"line":23,"column":null}},"13":{"start":{"line":21,"column":8},"end":{"line":21,"column":null}},"14":{"start":{"line":22,"column":8},"end":{"line":22,"column":null}},"15":{"start":{"line":23,"column":8},"end":{"line":23,"column":null}},"16":{"start":{"line":28,"column":4},"end":{"line":35,"column":null}},"17":{"start":{"line":29,"column":26},"end":{"line":29,"column":68}},"18":{"start":{"line":30,"column":21},"end":{"line":30,"column":null}},"19":{"start":{"line":32,"column":6},"end":{"line":35,"column":null}},"20":{"start":{"line":33,"column":8},"end":{"line":33,"column":null}},"21":{"start":{"line":34,"column":8},"end":{"line":34,"column":null}},"22":{"start":{"line":35,"column":8},"end":{"line":35,"column":null}},"23":{"start":{"line":40,"column":4},"end":{"line":46,"column":null}},"24":{"start":{"line":41,"column":21},"end":{"line":41,"column":null}},"25":{"start":{"line":43,"column":6},"end":{"line":46,"column":null}},"26":{"start":{"line":44,"column":8},"end":{"line":44,"column":null}},"27":{"start":{"line":45,"column":8},"end":{"line":45,"column":null}},"28":{"start":{"line":46,"column":8},"end":{"line":46,"column":null}},"29":{"start":{"line":51,"column":2},"end":{"line":57,"column":null}}},"fnMap":{"0":{"name":"(anonymous_0)","decl":{"start":{"line":3,"column":13},"end":{"line":3,"column":32}},"loc":{"start":{"line":3,"column":54},"end":{"line":57,"column":null}},"line":3},"1":{"name":"(anonymous_1)","decl":{"start":{"line":10,"column":25},"end":{"line":10,"column":31}},"loc":{"start":{"line":10,"column":37},"end":{"line":10,"column":53}},"line":10},"2":{"name":"(anonymous_2)","decl":{"start":{"line":12,"column":8},"end":{"line":12,"column":17}},"loc":{"start":{"line":12,"column":26},"end":{"line":49,"column":null}},"line":12}},"branchMap":{"0":{"loc":{"start":{"line":16,"column":4},"end":{"line":23,"column":null}},"type":"if","locations":[{"start":{"line":16,"column":4},"end":{"line":23,"column":null}},{"start":{},"end":{}}],"line":16},"1":{"loc":{"start":{"line":20,"column":6},"end":{"line":23,"column":null}},"type":"if","locations":[{"start":{"line":20,"column":6},"end":{"line":23,"column":null}},{"start":{},"end":{}}],"line":20},"2":{"loc":{"start":{"line":28,"column":4},"end":{"line":35,"column":null}},"type":"if","locations":[{"start":{"line":28,"column":4},"end":{"line":35,"column":null}},{"start":{},"end":{}}],"line":28},"3":{"loc":{"start":{"line":28,"column":8},"end":{"line":28,"column":41}},"type":"binary-expr","locations":[{"start":{"line":28,"column":8},"end":{"line":28,"column":31}},{"start":{"line":28,"column":31},"end":{"line":28,"column":41}}],"line":28},"4":{"loc":{"start":{"line":32,"column":6},"end":{"line":35,"column":null}},"type":"if","locations":[{"start":{"line":32,"column":6},"end":{"line":35,"column":null}},{"start":{},"end":{}}],"line":32},"5":{"loc":{"start":{"line":40,"column":4},"end":{"line":46,"column":null}},"type":"if","locations":[{"start":{"line":40,"column":4},"end":{"line":46,"column":null}},{"start":{},"end":{}}],"line":40},"6":{"loc":{"start":{"line":43,"column":6},"end":{"line":46,"column":null}},"type":"if","locations":[{"start":{"line":43,"column":6},"end":{"line":46,"column":null}},{"start":{},"end":{}}],"line":43}},"s":{"0":1,"1":5,"2":5,"3":5,"4":5,"5":5,"6":4,"7":5,"8":5,"9":5,"10":2,"11":2,"12":2,"13":2,"14":2,"15":2,"16":5,"17":1,"18":1,"19":1,"20":1,"21":1,"22":1,"23":5,"24":1,"25":1,"26":1,"27":1,"28":1,"29":5},"f":{"0":5,"1":4,"2":5},"b":{"0":[2,3],"1":[2,0],"2":[1,4],"3":[5,1],"4":[1,0],"5":[1,4],"6":[1,0]},"meta":{"lastBranch":7,"lastFunction":3,"lastStatement":30,"seen":{"s:3:13:57:Infinity":0,"f:3:13:3:32":0,"s:4:17:4:Infinity":1,"s:5:21:5:Infinity":2,"s:7:51:7:53":3,"s:8:27:8:29":4,"s:10:19:10:53":5,"f:10:25:10:31":1,"s:10:37:10:53":6,"s:12:2:49:Infinity":7,"f:12:8:12:17":2,"s:13:4:13:Infinity":8,"b:16:4:23:Infinity:undefined:undefined:undefined:undefined":0,"s:16:4:23:Infinity":9,"s:17:22:17:51":10,"s:18:21:18:Infinity":11,"b:20:6:23:Infinity:undefined:undefined:undefined:undefined":1,"s:20:6:23:Infinity":12,"s:21:8:21:Infinity":13,"s:22:8:22:Infinity":14,"s:23:8:23:Infinity":15,"b:28:4:35:Infinity:undefined:undefined:undefined:undefined":2,"s:28:4:35:Infinity":16,"b:28:8:28:31:28:31:28:41":3,"s:29:26:29:68":17,"s:30:21:30:Infinity":18,"b:32:6:35:Infinity:undefined:undefined:undefined:undefined":4,"s:32:6:35:Infinity":19,"s:33:8:33:Infinity":20,"s:34:8:34:Infinity":21,"s:35:8:35:Infinity":22,"b:40:4:46:Infinity:undefined:undefined:undefined:undefined":5,"s:40:4:46:Infinity":23,"s:41:21:41:Infinity":24,"b:43:6:46:Infinity:undefined:undefined:undefined:undefined":6,"s:43:6:46:Infinity":25,"s:44:8:44:Infinity":26,"s:45:8:45:Infinity":27,"s:46:8:46:Infinity":28,"s:51:2:57:Infinity":29}}}
}
